  * Kernel Updates
  * linux-image-5.10.240-armv7-lpae-x80
  * linux-image-5.10.240-armv7-rt-x80
  * linux-image-5.10.240-armv7-x80
  * linux-image-5.10.240-bone80
  * linux-image-5.10.240-bone-rt-r80
  * linux-image-5.15.189-armv7-lpae-x44
  * linux-image-5.15.189-armv7-rt-x44
  * linux-image-5.15.189-armv7-x44
  * linux-image-5.15.189-bone44
  * linux-image-5.15.189-bone-rt-r44
  * linux-image-6.10.14-bone19
  * linux-image-6.11.11-bone15
  * linux-image-6.1.146-armv7-lpae-x14
  * linux-image-6.1.146-armv7-rt-x14
  * linux-image-6.1.146-armv7-x14
  * linux-image-6.1.146-bone40
  * linux-image-6.1.146-bone-rt-r40
  * linux-image-6.12.40-armv7-lpae-x8
  * linux-image-6.12.40-bone31
  * linux-image-6.12.40-bone-rt-r31
  * linux-image-6.13.12-bone22
  * linux-image-6.14.10-bone19
  * linux-image-6.15.9-bone25
  * linux-image-6.16.0-bone13
  * linux-image-6.17.0-rc1-bone1
  * linux-image-6.17.0-rc1-multiv7-r1
  * linux-image-6.17.0-rc1-omap2plus-r1
  * linux-image-6.2.16-bone23
  * linux-image-6.3.13-bone33
  * linux-image-6.4.16-bone25
  * linux-image-6.5.13-bone18
  * linux-image-6.6.99-armv7-lpae-x27
  * linux-image-6.6.99-armv7-rt-x27
  * linux-image-6.6.99-armv7-x27
  * linux-image-6.6.99-bone29
  * linux-image-6.6.99-bone-rt-r29
  * linux-image-6.7.12-bone25
  * linux-image-6.8.12-bone21
  * linux-image-6.9.12-bone16
